09-Dec-2020 10:54:03.825 INFORMACIÓN [main] org.apache.catalina.startup.VersionLoggerListener.log Nombre de la versión del servidor: Apache Tomcat/8.5.60
09-Dec-2020 10:54:03.828 INFORMACIÓN [main] org.apache.catalina.startup.VersionLoggerListener.log Server built:                      Nov 12 2020 17:31:55 UTC
09-Dec-2020 10:54:03.828 INFORMACIÓN [main] org.apache.catalina.startup.VersionLoggerListener.log Número de versión de servidor:     8.5.60.0
09-Dec-2020 10:54:03.829 INFORMACIÓN [main] org.apache.catalina.startup.VersionLoggerListener.log OS Name:                           Linux
09-Dec-2020 10:54:03.830 INFORMACIÓN [main] org.apache.catalina.startup.VersionLoggerListener.log Versión de Systema Operativo:      4.9.0-14-amd64
09-Dec-2020 10:54:03.830 INFORMACIÓN [main] org.apache.catalina.startup.VersionLoggerListener.log Arquitectura:                      amd64
09-Dec-2020 10:54:03.832 INFORMACIÓN [main] org.apache.catalina.startup.VersionLoggerListener.log Java Home:                         /usr/lib/jvm/java-8-openjdk-amd64/jre
09-Dec-2020 10:54:03.833 INFORMACIÓN [main] org.apache.catalina.startup.VersionLoggerListener.log JVM Version:                       1.8.0_272-8u272-b10-0+deb9u1-b10
09-Dec-2020 10:54:03.833 INFORMACIÓN [main] org.apache.catalina.startup.VersionLoggerListener.log Vededor JVM:                       Oracle Corporation
09-Dec-2020 10:54:03.833 INFORMACIÓN [main] org.apache.catalina.startup.VersionLoggerListener.log CATALINA_BASE:                     /home/arturo/Escritorio/Desarrollo-de-sistemas-distribuidos/Tarea8/apache-tomcat-8.5.60
09-Dec-2020 10:54:03.834 INFORMACIÓN [main] org.apache.catalina.startup.VersionLoggerListener.log CATALINA_HOME:                     /home/arturo/Escritorio/Desarrollo-de-sistemas-distribuidos/Tarea8/apache-tomcat-8.5.60
09-Dec-2020 10:54:03.835 INFORMACIÓN [main] org.apache.catalina.startup.VersionLoggerListener.log Command line argument:             -Djava.util.logging.config.file=/home/arturo/Escritorio/Desarrollo-de-sistemas-distribuidos/Tarea8/apache-tomcat-8.5.60/conf/logging.properties
09-Dec-2020 10:54:03.835 INFORMACIÓN [main] org.apache.catalina.startup.VersionLoggerListener.log Command line argument:             -Djava.util.logging.manager=org.apache.juli.ClassLoaderLogManager
09-Dec-2020 10:54:03.841 INFORMACIÓN [main] org.apache.catalina.startup.VersionLoggerListener.log Command line argument:             -Djdk.tls.ephemeralDHKeySize=2048
09-Dec-2020 10:54:03.841 INFORMACIÓN [main] org.apache.catalina.startup.VersionLoggerListener.log Command line argument:             -Djava.protocol.handler.pkgs=org.apache.catalina.webresources
09-Dec-2020 10:54:03.842 INFORMACIÓN [main] org.apache.catalina.startup.VersionLoggerListener.log Command line argument:             -Dorg.apache.catalina.security.SecurityListener.UMASK=0027
09-Dec-2020 10:54:03.842 INFORMACIÓN [main] org.apache.catalina.startup.VersionLoggerListener.log Command line argument:             -Dignore.endorsed.dirs=
09-Dec-2020 10:54:03.842 INFORMACIÓN [main] org.apache.catalina.startup.VersionLoggerListener.log Command line argument:             -Dcatalina.base=/home/arturo/Escritorio/Desarrollo-de-sistemas-distribuidos/Tarea8/apache-tomcat-8.5.60
09-Dec-2020 10:54:03.842 INFORMACIÓN [main] org.apache.catalina.startup.VersionLoggerListener.log Command line argument:             -Dcatalina.home=/home/arturo/Escritorio/Desarrollo-de-sistemas-distribuidos/Tarea8/apache-tomcat-8.5.60
09-Dec-2020 10:54:03.843 INFORMACIÓN [main] org.apache.catalina.startup.VersionLoggerListener.log Command line argument:             -Djava.io.tmpdir=/home/arturo/Escritorio/Desarrollo-de-sistemas-distribuidos/Tarea8/apache-tomcat-8.5.60/temp
09-Dec-2020 10:54:03.843 INFORMACIÓN [main] org.apache.catalina.core.AprLifecycleListener.lifecycleEvent La biblioteca nativa de Apache Tomcat basada en ARP que permite un rendimiento óptimo en entornos de desarrollo no ha sido hallada en java.library.path: [/usr/java/packages/lib/amd64:/usr/lib/x86_64-linux-gnu/jni:/lib/x86_64-linux-gnu:/usr/lib/x86_64-linux-gnu:/usr/lib/jni:/lib:/usr/lib]
09-Dec-2020 10:54:04.054 INFORMACIÓN [main] org.apache.coyote.AbstractProtocol.init Inicializando el manejador de protocolo ["http-nio-8080"]

09-Dec-2020 10:54:04.081 INFORMACIÓN [main] org.apache.tomcat.util.net.NioSelectorPool.getSharedSelector Using a shared selector for servlet write/read
09-Dec-2020 10:54:04.111 INFORMACIÓN [main] org.apache.catalina.startup.Catalina.load Initialization processed in 1732 ms
09-Dec-2020 10:54:04.190 INFORMACIÓN [main] org.apache.catalina.core.StandardService.startInternal Arrancando servicio [Catalina]
09-Dec-2020 10:54:04.190 INFORMACIÓN [main] org.apache.catalina.core.StandardEngine.startInternal Starting Servlet Engine: Apache Tomcat/8.5.60
09-Dec-2020 10:54:04.243 INFORMACIÓN [localhost-startStop-1] org.apache.catalina.startup.HostConfig.deployWAR Despliegue del archivo [/home/arturo/Escritorio/Desarrollo-de-sistemas-distribuidos/Tarea8/apache-tomcat-8.5.60/webapps/Servicio.war] de la aplicación web
09-Dec-2020 10:54:05.756 ADVERTENCIA [localhost-startStop-1] org.apache.tomcat.dbcp.dbcp2.BasicDataSourceFactory.getObjectInstance Name = datasource_Servicio Property maxActive is not used in DBCP2, use maxTotal instead. maxTotal default value is 8. You have set value of "100" for "maxActive" property, which is being ignored.
09-Dec-2020 10:54:05.756 ADVERTENCIA [localhost-startStop-1] org.apache.tomcat.dbcp.dbcp2.BasicDataSourceFactory.getObjectInstance Name = datasource_Servicio Property maxWait is not used in DBCP2 , use maxWaitMillis instead. maxWaitMillis default value is -1. You have set value of "10000" for "maxWait" property, which is being ignored.
09-Dec-2020 10:54:05.919 INFORMACIÓN [localhost-startStop-1] org.apache.jasper.servlet.TldScanner.scanJars Al menos un JAR, que se ha explorado buscando TLDs, aún no contenía TLDs. Activar historial de depuración para este historiador para una completa lista de los JARs que fueron explorados y de los que nos se halló TLDs. Saltarse JARs no necesarios durante la exploración puede dar lugar a una mejora de tiempo significativa en el arranque y compilación de JSP .
09-Dec-2020 10:54:07.773 INFORMACIÓN [localhost-startStop-1] org.apache.catalina.startup.HostConfig.deployWAR Deployment of web application archive [/home/arturo/Escritorio/Desarrollo-de-sistemas-distribuidos/Tarea8/apache-tomcat-8.5.60/webapps/Servicio.war] has finished in [3.518] ms
09-Dec-2020 10:54:07.775 INFORMACIÓN [localhost-startStop-1] org.apache.catalina.startup.HostConfig.deployDirectory Desplegando el directorio [/home/arturo/Escritorio/Desarrollo-de-sistemas-distribuidos/Tarea8/apache-tomcat-8.5.60/webapps/ROOT] de la aplicación web
09-Dec-2020 10:54:09.063 INFORMACIÓN [localhost-startStop-1] org.apache.jasper.servlet.TldScanner.scanJars Al menos un JAR, que se ha explorado buscando TLDs, aún no contenía TLDs. Activar historial de depuración para este historiador para una completa lista de los JARs que fueron explorados y de los que nos se halló TLDs. Saltarse JARs no necesarios durante la exploración puede dar lugar a una mejora de tiempo significativa en el arranque y compilación de JSP .
09-Dec-2020 10:54:09.067 INFORMACIÓN [localhost-startStop-1] org.apache.catalina.startup.HostConfig.deployDirectory Deployment of web application directory [/home/arturo/Escritorio/Desarrollo-de-sistemas-distribuidos/Tarea8/apache-tomcat-8.5.60/webapps/ROOT] has finished in [1.291] ms
09-Dec-2020 10:54:09.198 INFORMACIÓN [main] org.apache.coyote.AbstractProtocol.start Starting ProtocolHandler ["http-nio-8080"]
09-Dec-2020 10:54:09.213 INFORMACIÓN [main] org.apache.catalina.startup.Catalina.start Server startup in 5101 ms
