01-Dec-2020 21:37:39.281 INFORMACIÓN [main] org.apache.catalina.startup.VersionLoggerListener.log Nombre de la versión del servidor: Apache Tomcat/8.5.60
01-Dec-2020 21:37:39.294 INFORMACIÓN [main] org.apache.catalina.startup.VersionLoggerListener.log Server built:                      Nov 12 2020 17:31:55 UTC
01-Dec-2020 21:37:39.294 INFORMACIÓN [main] org.apache.catalina.startup.VersionLoggerListener.log Número de versión de servidor:     8.5.60.0
01-Dec-2020 21:37:39.294 INFORMACIÓN [main] org.apache.catalina.startup.VersionLoggerListener.log OS Name:                           Linux
01-Dec-2020 21:37:39.296 INFORMACIÓN [main] org.apache.catalina.startup.VersionLoggerListener.log Versión de Systema Operativo:      4.9.0-14-amd64
01-Dec-2020 21:37:39.298 INFORMACIÓN [main] org.apache.catalina.startup.VersionLoggerListener.log Arquitectura:                      amd64
01-Dec-2020 21:37:39.299 INFORMACIÓN [main] org.apache.catalina.startup.VersionLoggerListener.log Java Home:                         /usr/lib/jvm/java-8-openjdk-amd64/jre
01-Dec-2020 21:37:39.300 INFORMACIÓN [main] org.apache.catalina.startup.VersionLoggerListener.log JVM Version:                       1.8.0_272-8u272-b10-0+deb9u1-b10
01-Dec-2020 21:37:39.300 INFORMACIÓN [main] org.apache.catalina.startup.VersionLoggerListener.log Vededor JVM:                       Oracle Corporation
01-Dec-2020 21:37:39.300 INFORMACIÓN [main] org.apache.catalina.startup.VersionLoggerListener.log CATALINA_BASE:                     /home/arturo/Escritorio/Desarrollo-de-sistemas-distribuidos/Tarea8/apache-tomcat-8.5.60
01-Dec-2020 21:37:39.300 INFORMACIÓN [main] org.apache.catalina.startup.VersionLoggerListener.log CATALINA_HOME:                     /home/arturo/Escritorio/Desarrollo-de-sistemas-distribuidos/Tarea8/apache-tomcat-8.5.60
01-Dec-2020 21:37:39.301 INFORMACIÓN [main] org.apache.catalina.startup.VersionLoggerListener.log Command line argument:             -Djava.util.logging.config.file=/home/arturo/Escritorio/Desarrollo-de-sistemas-distribuidos/Tarea8/apache-tomcat-8.5.60/conf/logging.properties
01-Dec-2020 21:37:39.301 INFORMACIÓN [main] org.apache.catalina.startup.VersionLoggerListener.log Command line argument:             -Djava.util.logging.manager=org.apache.juli.ClassLoaderLogManager
01-Dec-2020 21:37:39.301 INFORMACIÓN [main] org.apache.catalina.startup.VersionLoggerListener.log Command line argument:             -Djdk.tls.ephemeralDHKeySize=2048
01-Dec-2020 21:37:39.302 INFORMACIÓN [main] org.apache.catalina.startup.VersionLoggerListener.log Command line argument:             -Djava.protocol.handler.pkgs=org.apache.catalina.webresources
01-Dec-2020 21:37:39.302 INFORMACIÓN [main] org.apache.catalina.startup.VersionLoggerListener.log Command line argument:             -Dorg.apache.catalina.security.SecurityListener.UMASK=0027
01-Dec-2020 21:37:39.302 INFORMACIÓN [main] org.apache.catalina.startup.VersionLoggerListener.log Command line argument:             -Dignore.endorsed.dirs=
01-Dec-2020 21:37:39.308 INFORMACIÓN [main] org.apache.catalina.startup.VersionLoggerListener.log Command line argument:             -Dcatalina.base=/home/arturo/Escritorio/Desarrollo-de-sistemas-distribuidos/Tarea8/apache-tomcat-8.5.60
01-Dec-2020 21:37:39.309 INFORMACIÓN [main] org.apache.catalina.startup.VersionLoggerListener.log Command line argument:             -Dcatalina.home=/home/arturo/Escritorio/Desarrollo-de-sistemas-distribuidos/Tarea8/apache-tomcat-8.5.60
01-Dec-2020 21:37:39.309 INFORMACIÓN [main] org.apache.catalina.startup.VersionLoggerListener.log Command line argument:             -Djava.io.tmpdir=/home/arturo/Escritorio/Desarrollo-de-sistemas-distribuidos/Tarea8/apache-tomcat-8.5.60/temp
01-Dec-2020 21:37:39.309 INFORMACIÓN [main] org.apache.catalina.core.AprLifecycleListener.lifecycleEvent La biblioteca nativa de Apache Tomcat basada en ARP que permite un rendimiento óptimo en entornos de desarrollo no ha sido hallada en java.library.path: [/usr/java/packages/lib/amd64:/usr/lib/x86_64-linux-gnu/jni:/lib/x86_64-linux-gnu:/usr/lib/x86_64-linux-gnu:/usr/lib/jni:/lib:/usr/lib]
01-Dec-2020 21:37:39.712 INFORMACIÓN [main] org.apache.coyote.AbstractProtocol.init Inicializando el manejador de protocolo ["http-nio-8080"]

01-Dec-2020 21:37:39.775 INFORMACIÓN [main] org.apache.tomcat.util.net.NioSelectorPool.getSharedSelector Using a shared selector for servlet write/read
01-Dec-2020 21:37:39.835 INFORMACIÓN [main] org.apache.catalina.startup.Catalina.load Initialization processed in 2847 ms
01-Dec-2020 21:37:39.956 INFORMACIÓN [main] org.apache.catalina.core.StandardService.startInternal Arrancando servicio [Catalina]
01-Dec-2020 21:37:39.957 INFORMACIÓN [main] org.apache.catalina.core.StandardEngine.startInternal Starting Servlet Engine: Apache Tomcat/8.5.60
01-Dec-2020 21:37:40.085 INFORMACIÓN [localhost-startStop-1] org.apache.catalina.startup.HostConfig.deployDirectory Desplegando el directorio [/home/arturo/Escritorio/Desarrollo-de-sistemas-distribuidos/Tarea8/apache-tomcat-8.5.60/webapps/ROOT] de la aplicación web
01-Dec-2020 21:37:42.269 INFORMACIÓN [localhost-startStop-1] org.apache.jasper.servlet.TldScanner.scanJars Al menos un JAR, que se ha explorado buscando TLDs, aún no contenía TLDs. Activar historial de depuración para este historiador para una completa lista de los JARs que fueron explorados y de los que nos se halló TLDs. Saltarse JARs no necesarios durante la exploración puede dar lugar a una mejora de tiempo significativa en el arranque y compilación de JSP .
01-Dec-2020 21:37:42.351 INFORMACIÓN [localhost-startStop-1] org.apache.catalina.startup.HostConfig.deployDirectory Deployment of web application directory [/home/arturo/Escritorio/Desarrollo-de-sistemas-distribuidos/Tarea8/apache-tomcat-8.5.60/webapps/ROOT] has finished in [2.264] ms
01-Dec-2020 21:37:42.355 INFORMACIÓN [main] org.apache.coyote.AbstractProtocol.start Starting ProtocolHandler ["http-nio-8080"]
01-Dec-2020 21:37:42.383 INFORMACIÓN [main] org.apache.catalina.startup.Catalina.start Server startup in 2547 ms
01-Dec-2020 21:37:52.359 INFORMACIÓN [localhost-startStop-2] org.apache.catalina.startup.HostConfig.deployWAR Despliegue del archivo [/home/arturo/Escritorio/Desarrollo-de-sistemas-distribuidos/Tarea8/apache-tomcat-8.5.60/webapps/Servicio.war] de la aplicación web
01-Dec-2020 21:37:53.667 ADVERTENCIA [localhost-startStop-2] org.apache.tomcat.dbcp.dbcp2.BasicDataSourceFactory.getObjectInstance Name = datasource_Servicio Property maxActive is not used in DBCP2, use maxTotal instead. maxTotal default value is 8. You have set value of "100" for "maxActive" property, which is being ignored.
01-Dec-2020 21:37:53.668 ADVERTENCIA [localhost-startStop-2] org.apache.tomcat.dbcp.dbcp2.BasicDataSourceFactory.getObjectInstance Name = datasource_Servicio Property maxWait is not used in DBCP2 , use maxWaitMillis instead. maxWaitMillis default value is -1. You have set value of "10000" for "maxWait" property, which is being ignored.
01-Dec-2020 21:37:53.816 INFORMACIÓN [localhost-startStop-2] org.apache.jasper.servlet.TldScanner.scanJars Al menos un JAR, que se ha explorado buscando TLDs, aún no contenía TLDs. Activar historial de depuración para este historiador para una completa lista de los JARs que fueron explorados y de los que nos se halló TLDs. Saltarse JARs no necesarios durante la exploración puede dar lugar a una mejora de tiempo significativa en el arranque y compilación de JSP .
01-Dec-2020 21:37:55.553 INFORMACIÓN [localhost-startStop-2] org.apache.catalina.startup.HostConfig.deployWAR Deployment of web application archive [/home/arturo/Escritorio/Desarrollo-de-sistemas-distribuidos/Tarea8/apache-tomcat-8.5.60/webapps/Servicio.war] has finished in [3.195] ms
